{"E:\\TEMAS DEL CURSO\\React\\Proyectos\\proyecto node + ts + express\\rest_api_node_ts_server\\src\\router.ts": {"path":"E:\\TEMAS DEL CURSO\\React\\Proyectos\\proyecto node + ts + express\\rest_api_node_ts_server\\src\\router.ts","statementMap":{"0":{"start":{"line":1,"column":0},"end":{"line":1,"column":32}},"1":{"start":{"line":2,"column":0},"end":{"line":2,"column":128}},"2":{"start":{"line":3,"column":0},"end":{"line":3,"column":65}},"3":{"start":{"line":4,"column":0},"end":{"line":4,"column":48}},"4":{"start":{"line":6,"column":15},"end":{"line":6,"column":23}},"5":{"start":{"line":9,"column":0},"end":{"line":9,"column":null}},"6":{"start":{"line":11,"column":0},"end":{"line":17,"column":null}},"7":{"start":{"line":19,"column":0},"end":{"line":31,"column":null}},"8":{"start":{"line":27,"column":25},"end":{"line":27,"column":34}},"9":{"start":{"line":33,"column":0},"end":{"line":48,"column":null}},"10":{"start":{"line":43,"column":25},"end":{"line":43,"column":34}},"11":{"start":{"line":50,"column":0},"end":{"line":54,"column":null}},"12":{"start":{"line":56,"column":0},"end":{"line":61,"column":null}},"13":{"start":{"line":63,"column":0},"end":{"line":63,"column":null}}},"fnMap":{"0":{"name":"(anonymous_0)","decl":{"start":{"line":27,"column":16},"end":{"line":27,"column":21}},"loc":{"start":{"line":27,"column":25},"end":{"line":27,"column":34}}},"1":{"name":"(anonymous_1)","decl":{"start":{"line":43,"column":16},"end":{"line":43,"column":21}},"loc":{"start":{"line":43,"column":25},"end":{"line":43,"column":34}}}},"branchMap":{},"s":{"0":2,"1":2,"2":2,"3":2,"4":2,"5":2,"6":2,"7":2,"8":4,"9":2,"10":5,"11":2,"12":2,"13":2},"f":{"0":4,"1":5},"b":{}}
,"E:\\TEMAS DEL CURSO\\React\\Proyectos\\proyecto node + ts + express\\rest_api_node_ts_server\\src\\server.ts": {"path":"E:\\TEMAS DEL CURSO\\React\\Proyectos\\proyecto node + ts + express\\rest_api_node_ts_server\\src\\server.ts","statementMap":{"0":{"start":{"line":6,"column":0},"end":{"line":6,"column":7}},"1":{"start":{"line":1,"column":0},"end":{"line":1,"column":29}},"2":{"start":{"line":2,"column":0},"end":{"line":2,"column":29}},"3":{"start":{"line":3,"column":0},"end":{"line":3,"column":28}},"4":{"start":{"line":4,"column":0},"end":{"line":4,"column":27}},"5":{"start":{"line":7,"column":4},"end":{"line":14,"column":5}},"6":{"start":{"line":8,"column":8},"end":{"line":8,"column":null}},"7":{"start":{"line":9,"column":8},"end":{"line":9,"column":null}},"8":{"start":{"line":12,"column":8},"end":{"line":12,"column":null}},"9":{"start":{"line":13,"column":8},"end":{"line":13,"column":null}},"10":{"start":{"line":17,"column":0},"end":{"line":17,"column":null}},"11":{"start":{"line":20,"column":15},"end":{"line":20,"column":24}},"12":{"start":{"line":23,"column":0},"end":{"line":23,"column":null}},"13":{"start":{"line":26,"column":0},"end":{"line":26,"column":null}},"14":{"start":{"line":28,"column":0},"end":{"line":30,"column":null}},"15":{"start":{"line":29,"column":4},"end":{"line":29,"column":null}},"16":{"start":{"line":32,"column":0},"end":{"line":32,"column":null}}},"fnMap":{"0":{"name":"connectDB","decl":{"start":{"line":6,"column":22},"end":{"line":6,"column":31}},"loc":{"start":{"line":6,"column":31},"end":{"line":15,"column":1}}},"1":{"name":"(anonymous_2)","decl":{"start":{"line":28,"column":19},"end":{"line":28,"column":20}},"loc":{"start":{"line":28,"column":32},"end":{"line":30,"column":1}}}},"branchMap":{},"s":{"0":2,"1":2,"2":2,"3":2,"4":2,"5":3,"6":3,"7":2,"8":1,"9":1,"10":2,"11":2,"12":2,"13":2,"14":2,"15":1,"16":2},"f":{"0":3,"1":1},"b":{}}
,"E:\\TEMAS DEL CURSO\\React\\Proyectos\\proyecto node + ts + express\\rest_api_node_ts_server\\src\\config\\db.ts": {"path":"E:\\TEMAS DEL CURSO\\React\\Proyectos\\proyecto node + ts + express\\rest_api_node_ts_server\\src\\config\\db.ts","statementMap":{"0":{"start":{"line":1,"column":0},"end":{"line":1,"column":49}},"1":{"start":{"line":2,"column":0},"end":{"line":2,"column":27}},"2":{"start":{"line":3,"column":0},"end":{"line":3,"column":null}},"3":{"start":{"line":5,"column":11},"end":{"line":8,"column":2}},"4":{"start":{"line":10,"column":0},"end":{"line":10,"column":null}}},"fnMap":{},"branchMap":{},"s":{"0":2,"1":2,"2":2,"3":2,"4":2},"f":{},"b":{}}
,"E:\\TEMAS DEL CURSO\\React\\Proyectos\\proyecto node + ts + express\\rest_api_node_ts_server\\src\\handlers\\product.ts": {"path":"E:\\TEMAS DEL CURSO\\React\\Proyectos\\proyecto node + ts + express\\rest_api_node_ts_server\\src\\handlers\\product.ts","statementMap":{"0":{"start":{"line":2,"column":0},"end":{"line":2,"column":39}},"1":{"start":{"line":6,"column":26},"end":{"line":20,"column":1}},"2":{"start":{"line":8,"column":24},"end":{"line":15,"column":null}},"3":{"start":{"line":16,"column":8},"end":{"line":16,"column":null}},"4":{"start":{"line":6,"column":13},"end":{"line":6,"column":26}},"5":{"start":{"line":22,"column":30},"end":{"line":40,"column":1}},"6":{"start":{"line":25,"column":21},"end":{"line":25,"column":31}},"7":{"start":{"line":26,"column":24},"end":{"line":26,"column":50}},"8":{"start":{"line":28,"column":8},"end":{"line":34,"column":9}},"9":{"start":{"line":29,"column":12},"end":{"line":31,"column":null}},"10":{"start":{"line":33,"column":12},"end":{"line":33,"column":18}},"11":{"start":{"line":36,"column":8},"end":{"line":36,"column":null}},"12":{"start":{"line":22,"column":13},"end":{"line":22,"column":30}},"13":{"start":{"line":42,"column":29},"end":{"line":71,"column":1}},"14":{"start":{"line":69,"column":20},"end":{"line":69,"column":50}},"15":{"start":{"line":70,"column":4},"end":{"line":70,"column":null}},"16":{"start":{"line":42,"column":13},"end":{"line":42,"column":29}},"17":{"start":{"line":73,"column":29},"end":{"line":101,"column":1}},"18":{"start":{"line":76,"column":21},"end":{"line":76,"column":31}},"19":{"start":{"line":77,"column":24},"end":{"line":77,"column":50}},"20":{"start":{"line":79,"column":8},"end":{"line":85,"column":9}},"21":{"start":{"line":80,"column":12},"end":{"line":82,"column":null}},"22":{"start":{"line":84,"column":12},"end":{"line":84,"column":18}},"23":{"start":{"line":93,"column":8},"end":{"line":93,"column":null}},"24":{"start":{"line":95,"column":8},"end":{"line":95,"column":null}},"25":{"start":{"line":97,"column":8},"end":{"line":97,"column":null}},"26":{"start":{"line":73,"column":13},"end":{"line":73,"column":29}},"27":{"start":{"line":103,"column":34},"end":{"line":126,"column":1}},"28":{"start":{"line":106,"column":21},"end":{"line":106,"column":31}},"29":{"start":{"line":107,"column":24},"end":{"line":107,"column":50}},"30":{"start":{"line":109,"column":8},"end":{"line":115,"column":9}},"31":{"start":{"line":110,"column":12},"end":{"line":112,"column":null}},"32":{"start":{"line":114,"column":12},"end":{"line":114,"column":18}},"33":{"start":{"line":119,"column":8},"end":{"line":119,"column":null}},"34":{"start":{"line":120,"column":8},"end":{"line":120,"column":null}},"35":{"start":{"line":122,"column":8},"end":{"line":122,"column":null}},"36":{"start":{"line":103,"column":13},"end":{"line":103,"column":34}},"37":{"start":{"line":128,"column":29},"end":{"line":149,"column":1}},"38":{"start":{"line":131,"column":21},"end":{"line":131,"column":31}},"39":{"start":{"line":132,"column":24},"end":{"line":132,"column":50}},"40":{"start":{"line":134,"column":8},"end":{"line":140,"column":9}},"41":{"start":{"line":135,"column":12},"end":{"line":137,"column":null}},"42":{"start":{"line":139,"column":12},"end":{"line":139,"column":18}},"43":{"start":{"line":142,"column":8},"end":{"line":142,"column":null}},"44":{"start":{"line":144,"column":8},"end":{"line":144,"column":null}},"45":{"start":{"line":128,"column":13},"end":{"line":128,"column":29}}},"fnMap":{"0":{"name":"(anonymous_1)","decl":{"start":{"line":6,"column":26},"end":{"line":6,"column":31}},"loc":{"start":{"line":6,"column":65},"end":{"line":20,"column":1}}},"1":{"name":"(anonymous_2)","decl":{"start":{"line":22,"column":30},"end":{"line":22,"column":35}},"loc":{"start":{"line":22,"column":68},"end":{"line":40,"column":1}}},"2":{"name":"(anonymous_3)","decl":{"start":{"line":42,"column":29},"end":{"line":42,"column":34}},"loc":{"start":{"line":42,"column":69},"end":{"line":71,"column":1}}},"3":{"name":"(anonymous_4)","decl":{"start":{"line":73,"column":29},"end":{"line":73,"column":34}},"loc":{"start":{"line":73,"column":68},"end":{"line":101,"column":1}}},"4":{"name":"(anonymous_5)","decl":{"start":{"line":103,"column":34},"end":{"line":103,"column":39}},"loc":{"start":{"line":103,"column":73},"end":{"line":126,"column":1}}},"5":{"name":"(anonymous_6)","decl":{"start":{"line":128,"column":29},"end":{"line":128,"column":34}},"loc":{"start":{"line":128,"column":68},"end":{"line":149,"column":1}}}},"branchMap":{"0":{"loc":{"start":{"line":28,"column":8},"end":{"line":34,"column":9}},"type":"if","locations":[{"start":{"line":28,"column":8},"end":{"line":34,"column":9}}]},"1":{"loc":{"start":{"line":79,"column":8},"end":{"line":85,"column":9}},"type":"if","locations":[{"start":{"line":79,"column":8},"end":{"line":85,"column":9}}]},"2":{"loc":{"start":{"line":109,"column":8},"end":{"line":115,"column":9}},"type":"if","locations":[{"start":{"line":109,"column":8},"end":{"line":115,"column":9}}]},"3":{"loc":{"start":{"line":134,"column":8},"end":{"line":140,"column":9}},"type":"if","locations":[{"start":{"line":134,"column":8},"end":{"line":140,"column":9}}]}},"s":{"0":2,"1":2,"2":2,"3":2,"4":2,"5":2,"6":2,"7":2,"8":2,"9":1,"10":1,"11":1,"12":2,"13":2,"14":1,"15":1,"16":2,"17":2,"18":2,"19":2,"20":2,"21":1,"22":1,"23":1,"24":1,"25":1,"26":2,"27":2,"28":2,"29":2,"30":2,"31":1,"32":1,"33":1,"34":1,"35":1,"36":2,"37":2,"38":2,"39":2,"40":2,"41":1,"42":1,"43":1,"44":1,"45":2},"f":{"0":2,"1":2,"2":1,"3":2,"4":2,"5":2},"b":{"0":[1],"1":[1],"2":[1],"3":[1]}}
,"E:\\TEMAS DEL CURSO\\React\\Proyectos\\proyecto node + ts + express\\rest_api_node_ts_server\\src\\middleware\\index.ts": {"path":"E:\\TEMAS DEL CURSO\\React\\Proyectos\\proyecto node + ts + express\\rest_api_node_ts_server\\src\\middleware\\index.ts","statementMap":{"0":{"start":{"line":2,"column":0},"end":{"line":2,"column":51}},"1":{"start":{"line":4,"column":33},"end":{"line":19,"column":1}},"2":{"start":{"line":7,"column":21},"end":{"line":7,"column":42}},"3":{"start":{"line":9,"column":8},"end":{"line":12,"column":9}},"4":{"start":{"line":10,"column":12},"end":{"line":10,"column":null}},"5":{"start":{"line":11,"column":12},"end":{"line":11,"column":19}},"6":{"start":{"line":18,"column":4},"end":{"line":18,"column":null}},"7":{"start":{"line":4,"column":13},"end":{"line":4,"column":33}}},"fnMap":{"0":{"name":"(anonymous_0)","decl":{"start":{"line":4,"column":33},"end":{"line":4,"column":34}},"loc":{"start":{"line":4,"column":104},"end":{"line":19,"column":1}}}},"branchMap":{"0":{"loc":{"start":{"line":9,"column":8},"end":{"line":12,"column":9}},"type":"if","locations":[{"start":{"line":9,"column":8},"end":{"line":12,"column":9}}]}},"s":{"0":2,"1":2,"2":17,"3":17,"4":8,"5":8,"6":9,"7":2},"f":{"0":17},"b":{"0":[8]}}
,"E:\\TEMAS DEL CURSO\\React\\Proyectos\\proyecto node + ts + express\\rest_api_node_ts_server\\src\\models\\Product.ts": {"path":"E:\\TEMAS DEL CURSO\\React\\Proyectos\\proyecto node + ts + express\\rest_api_node_ts_server\\src\\models\\Product.ts","statementMap":{"0":{"start":{"line":1,"column":0},"end":{"line":1,"column":79}},"1":{"start":{"line":7,"column":0},"end":{"line":23,"column":null}},"2":{"start":{"line":11,"column":12},"end":{"line":11,"column":null}},"3":{"start":{"line":16,"column":12},"end":{"line":16,"column":null}},"4":{"start":{"line":22,"column":12},"end":{"line":22,"column":null}},"5":{"start":{"line":7,"column":6},"end":{"line":23,"column":null}},"6":{"start":{"line":25,"column":0},"end":{"line":25,"column":null}}},"fnMap":{},"branchMap":{},"s":{"0":3,"1":3,"2":3,"3":3,"4":3,"5":3,"6":3},"f":{},"b":{}}
}
