TN:
SF:src\router.ts
FN:27,(anonymous_0)
FN:43,(anonymous_1)
FNF:2
FNH:2
FNDA:4,(anonymous_0)
FNDA:5,(anonymous_1)
DA:1,2
DA:2,2
DA:3,2
DA:4,2
DA:6,2
DA:9,2
DA:11,2
DA:19,2
DA:27,4
DA:33,2
DA:43,5
DA:50,2
DA:56,2
DA:63,2
LF:14
LH:14
BRF:0
BRH:0
end_of_record
TN:
SF:src\server.ts
FN:6,connectDB
FN:28,(anonymous_2)
FNF:2
FNH:2
FNDA:3,connectDB
FNDA:1,(anonymous_2)
DA:1,2
DA:2,2
DA:3,2
DA:4,2
DA:6,2
DA:7,3
DA:8,3
DA:9,2
DA:12,1
DA:13,1
DA:17,2
DA:20,2
DA:23,2
DA:26,2
DA:28,2
DA:29,1
DA:32,2
LF:17
LH:17
BRF:0
BRH:0
end_of_record
TN:
SF:src\config\db.ts
FNF:0
FNH:0
DA:1,2
DA:2,2
DA:3,2
DA:5,2
DA:10,2
LF:5
LH:5
BRF:0
BRH:0
end_of_record
TN:
SF:src\handlers\product.ts
FN:6,(anonymous_1)
FN:22,(anonymous_2)
FN:42,(anonymous_3)
FN:73,(anonymous_4)
FN:103,(anonymous_5)
FN:128,(anonymous_6)
FNF:6
FNH:6
FNDA:2,(anonymous_1)
FNDA:2,(anonymous_2)
FNDA:1,(anonymous_3)
FNDA:2,(anonymous_4)
FNDA:2,(anonymous_5)
FNDA:2,(anonymous_6)
DA:2,2
DA:6,2
DA:8,2
DA:16,2
DA:22,2
DA:25,2
DA:26,2
DA:28,2
DA:29,1
DA:33,1
DA:36,1
DA:42,2
DA:69,1
DA:70,1
DA:73,2
DA:76,2
DA:77,2
DA:79,2
DA:80,1
DA:84,1
DA:93,1
DA:95,1
DA:97,1
DA:103,2
DA:106,2
DA:107,2
DA:109,2
DA:110,1
DA:114,1
DA:119,1
DA:120,1
DA:122,1
DA:128,2
DA:131,2
DA:132,2
DA:134,2
DA:135,1
DA:139,1
DA:142,1
DA:144,1
LF:40
LH:40
BRDA:28,0,0,1
BRDA:79,1,0,1
BRDA:109,2,0,1
BRDA:134,3,0,1
BRF:4
BRH:4
end_of_record
TN:
SF:src\middleware\index.ts
FN:4,(anonymous_0)
FNF:1
FNH:1
FNDA:17,(anonymous_0)
DA:2,2
DA:4,2
DA:7,17
DA:9,17
DA:10,8
DA:11,8
DA:18,9
LF:7
LH:7
BRDA:9,0,0,8
BRF:1
BRH:1
end_of_record
TN:
SF:src\models\Product.ts
FNF:0
FNH:0
DA:1,3
DA:7,3
DA:11,3
DA:16,3
DA:22,3
DA:25,3
LF:6
LH:6
BRF:0
BRH:0
end_of_record
